0 info it worked if it ends with ok
1 verbose cli [ '/usr/bin/node', '/usr/bin/npm', 'start' ]
2 info using npm@3.10.10
3 info using node@v6.12.0
4 verbose run-script [ 'prestart', 'start', 'poststart' ]
5 info lifecycle node-js-getting-started@0.2.6~prestart: node-js-getting-started@0.2.6
6 silly lifecycle node-js-getting-started@0.2.6~prestart: no script for prestart, continuing
7 info lifecycle node-js-getting-started@0.2.6~start: node-js-getting-started@0.2.6
8 verbose lifecycle node-js-getting-started@0.2.6~start: unsafe-perm in lifecycle true
9 verbose lifecycle node-js-getting-started@0.2.6~start: PATH: /usr/lib/node_modules/npm/bin/node-gyp-bin:/home/marcus/node-js-getting-started/node_modules/.bin:/usr/local/sbin:/usr/local/bin:/usr/sbin:/usr/bin:/sbin:/bin:/usr/games:/usr/local/games:/snap/bin:/usr/lib/jvm/java-8-oracle/bin:/usr/lib/jvm/java-8-oracle/db/bin:/usr/lib/jvm/java-8-oracle/jre/bin
10 verbose lifecycle node-js-getting-started@0.2.6~start: CWD: /home/marcus/node-js-getting-started
11 silly lifecycle node-js-getting-started@0.2.6~start: Args: [ '-c', 'node index.js' ]
12 silly lifecycle node-js-getting-started@0.2.6~start: Returned: code: 1  signal: null
13 info lifecycle node-js-getting-started@0.2.6~start: Failed to exec start script
14 verbose stack Error: node-js-getting-started@0.2.6 start: `node index.js`
14 verbose stack Exit status 1
14 verbose stack     at EventEmitter.<anonymous> (/usr/lib/node_modules/npm/lib/utils/lifecycle.js:255:16)
14 verbose stack     at emitTwo (events.js:106:13)
14 verbose stack     at EventEmitter.emit (events.js:191:7)
14 verbose stack     at ChildProcess.<anonymous> (/usr/lib/node_modules/npm/lib/utils/spawn.js:40:14)
14 verbose stack     at emitTwo (events.js:106:13)
14 verbose stack     at ChildProcess.emit (events.js:191:7)
14 verbose stack     at maybeClose (internal/child_process.js:920:16)
14 verbose stack     at Process.ChildProcess._handle.onexit (internal/child_process.js:230:5)
15 verbose pkgid node-js-getting-started@0.2.6
16 verbose cwd /home/marcus/node-js-getting-started
17 error Linux 4.4.0-98-generic
18 error argv "/usr/bin/node" "/usr/bin/npm" "start"
19 error node v6.12.0
20 error npm  v3.10.10
21 error code ELIFECYCLE
22 error node-js-getting-started@0.2.6 start: `node index.js`
22 error Exit status 1
23 error Failed at the node-js-getting-started@0.2.6 start script 'node index.js'.
23 error Make sure you have the latest version of node.js and npm installed.
23 error If you do, this is most likely a problem with the node-js-getting-started package,
23 error not with npm itself.
23 error Tell the author that this fails on your system:
23 error     node index.js
23 error You can get information on how to open an issue for this project with:
23 error     npm bugs node-js-getting-started
23 error Or if that isn't available, you can get their info via:
23 error     npm owner ls node-js-getting-started
23 error There is likely additional logging output above.
24 verbose exit [ 1, true ]
